<?xml version="1.0" encoding="UTF-8"?>
<!-- Generated by org.testng.reporters.JUnitReportReporter -->
<testsuite skipped="0" hostname="LENOVOG50" name="com.w2a.testcase.CreateTimesheet" tests="1" failures="0" timestamp="17 Jun 2020 15:31:35 GMT" time="93.560" errors="0">
  <testcase name="createTimesheet" time="93.560" classname="com.w2a.testcase.CreateTimesheet"/>
</testsuite> <!-- com.w2a.testcase.CreateTimesheet -->
