<?xml version="1.0" encoding="UTF-8"?>
<!-- Generated by org.testng.reporters.JUnitReportReporter -->
<testsuite skipped="0" hostname="LENOVOG50" name="com.w2a.testcase.LoginTest" tests="1" failures="0" timestamp="17 Jun 2020 11:08:42 GMT" time="37.445" errors="0">
  <testcase name="personnelLogin" time="37.445" classname="com.w2a.testcase.LoginTest"/>
</testsuite> <!-- com.w2a.testcase.LoginTest -->
