<?xml version="1.0" encoding="UTF-8"?>
<!-- Generated by org.testng.reporters.JUnitReportReporter -->
<testsuite skipped="0" hostname="LENOVOG50" name="com.w2a.testcase.ForgotPassTest" tests="1" failures="0" timestamp="17 Jun 2020 10:43:02 GMT" time="66.029" errors="0">
  <testcase name="personnelForgotPass" time="66.029" classname="com.w2a.testcase.ForgotPassTest"/>
</testsuite> <!-- com.w2a.testcase.ForgotPassTest -->
